MethodInstance for foo(::Int64)
  from foo(x; output) @ Main C:\Users\GAMER\MEGA\WEBSITES\julia_book2\_assets\PAGES\7c_gotchas\code\region3b.jl:1
Arguments
  #self#::Core.Const(foo)
  x::Int64
Locals
  #152::var"#152#153"{Int64}
  y::Int64
  @_5::Int64
Body::Vector{Int64}
1 ─       Core.NewvarNode(:(#152))
│         Core.NewvarNode(:(y))
│   %3  = (x < 0)::Bool
└──       goto #3 if not %3
2 ─       (@_5 = Main.zero(x))
└──       goto #4
3 ─       (@_5 = x)
4 ┄       (y = @_5)
│   %9  = Main.:(var"#152#153")::Core.Const(var"#152#153")
│   %10 = Core.typeof(y)::Core.Const(Int64)
│   %11 = Core.apply_type(%9, %10)::Core.Const(var"#152#153"{Int64})
│         (#152 = %new(%11, y))
│   %13 = #152::var"#152#153"{Int64}
│   %14 = (1:100)::Core.Const(1:100)
│   %15 = Base.Generator(%13, %14)::Core.PartialStruct(Base.Generator{UnitRange{Int64}, var"#152#153"{Int64}}, Any[var"#152#153"{Int64}, Core.Const(1:100)])
│   %16 = Base.collect(%15)::Vector{Int64}
└──       return %16

MethodInstance for foo(::Float64)
  from foo(x; output) @ Main C:\Users\GAMER\MEGA\WEBSITES\julia_book2\_assets\PAGES\7c_gotchas\code\region3b.jl:1
Arguments
  #self#::Core.Const(foo)
  x::Float64
Locals
  #152::var"#152#153"{Float64}
  y::Float64
  @_5::Float64
Body::Vector{Float64}
1 ─       Core.NewvarNode(:(#152))
│         Core.NewvarNode(:(y))
│   %3  = (x < 0)::Bool
└──       goto #3 if not %3
2 ─       (@_5 = Main.zero(x))
└──       goto #4
3 ─       (@_5 = x)
4 ┄       (y = @_5)
│   %9  = Main.:(var"#152#153")::Core.Const(var"#152#153")
│   %10 = Core.typeof(y)::Core.Const(Float64)
│   %11 = Core.apply_type(%9, %10)::Core.Const(var"#152#153"{Float64})
│         (#152 = %new(%11, y))
│   %13 = #152::var"#152#153"{Float64}
│   %14 = (1:100)::Core.Const(1:100)
│   %15 = Base.Generator(%13, %14)::Core.PartialStruct(Base.Generator{UnitRange{Int64}, var"#152#153"{Float64}}, Any[var"#152#153"{Float64}, Core.Const(1:100)])
│   %16 = Base.collect(%15)::Vector{Float64}
└──       return %16

