MethodInstance for foo(::Vector{Float64})
  from foo(x) @ Main ~/MEGA/WEBSITES/julia_book2/_assets/PAGES/09i_staticVectors/code/region6a.jl:4
Arguments
  #self#::Core.Const(Main.foo)
  x::Vector{Float64}
Locals
  @_3::UNION{NOTHING, TUPLE{INT64, INT64}}
  output::MARRAY{S, FLOAT64, 1} WHERE S<:(TUPLE{_A} WHERE _A)
  i::Int64
  temp::BitVector
Body::MARRAY{S, FLOAT64, 1} WHERE S<:(TUPLE{_A} WHERE _A)
1 ─ %1  = Main.MVector::Core.Const(MVector)
│   %2  = Main.length(x)::Int64
│   %3  = Main.eltype(x)::Core.Const(Float64)
│   %4  = Core.apply_type(%1, %2, %3)::TYPE{MVECTOR{_A, FLOAT64}} WHERE _A
│   %5  = Main.undef::Core.Const(UndefInitializer())
│         (output = (%4)(%5))
│   %7  = Main.eachindex(x)::Base.OneTo{Int64}
│         (@_3 = Base.iterate(%7))
│   %9  = @_3::UNION{NOTHING, TUPLE{INT64, INT64}}
│   %10 = (%9 === nothing)::Bool
│   %11 = Base.not_int(%10)::Bool
└──       goto #4 if not %11
2 ┄ %13 = @_3::Tuple{Int64, Int64}
│         (i = Core.getfield(%13, 1))
│   %15 = Core.getfield(%13, 2)::Int64
│   %16 = Main.:>::Core.Const(>)
│   %17 = i::Int64
│   %18 = Base.getindex(x, %17)::Float64
│   %19 = Base.broadcasted(%16, x, %18)::Base.Broadcast.Broadcasted{Base.Broadcast.DefaultArrayStyle{1}, Nothing, typeof(>), Tuple{Vector{Float64}, Float64}}
│         (temp = Base.materialize(%19))
│   %21 = temp::BitVector
│   %22 = Main.sum(%21)::Int64
│   %23 = output::MARRAY{S, FLOAT64, 1} WHERE S<:(TUPLE{_A} WHERE _A)
│   %24 = i::Int64
│         Base.setindex!(%23, %22, %24)
│         (@_3 = Base.iterate(%7, %15))
│   %27 = @_3::UNION{NOTHING, TUPLE{INT64, INT64}}
│   %28 = (%27 === nothing)::Bool
│   %29 = Base.not_int(%28)::Bool
└──       goto #4 if not %29
3 ─       goto #2
4 ┄ %32 = output::MARRAY{S, FLOAT64, 1} WHERE S<:(TUPLE{_A} WHERE _A)
└──       return %32

