MethodInstance for foo(::Vector{Any})
  from foo(x) @ Main C:\Users\GAMER\MEGA\WEBSITES\julia_book2\_assets\PAGES\7b3_barriers\code\region02c.jl:5
Arguments
  #self#::Core.Const(foo)
  x::Vector{Any}
Locals
  #592::VAR"#592#593"
  y::ANY
Body::VECTOR
1 ─ %1  = Base.getindex(x, 2)::ANY
│         (y = 2 * %1)
│   %3  = Main.:(var"#592#593")::Core.Const(var"#592#593")
│   %4  = Core.typeof(y)::DATATYPE
│   %5  = Core.apply_type(%3, %4)::TYPE{VAR"#592#593"{_A}} WHERE _A
│         (#592 = %new(%5, y))
│   %7  = #592::VAR"#592#593"
│   %8  = (1:100)::Core.Const(1:100)
│   %9  = Base.Generator(%7, %8)::BASE.GENERATOR{UNITRANGE{INT64}, F} WHERE F<:VAR"#592#593"
│   %10 = Base.collect(%9)::VECTOR
└──       return %10

