MethodInstance for foo(::Int64)
  from foo(x; x) @ Main ~/MEGA/WEBSITES/julia_book2/_assets/PAGES/08h_TS-gotchas/code/region9b.jl:1
Arguments
  #self#::Core.Const(Main.foo)
  x::Int64
Locals
  closure1@_3::CORE.BOX
  closure2::var"#closure2#75"
  closure1@_5::Union{}
Body::ANY
1 ─       (closure1@_3 = Core.Box())
│   %2  = Main.:(var"#closure2#75")::Core.Const(var"#closure2#75")
│   %3  = closure1@_3::CORE.BOX
│         (closure2 = %new(%2, %3))
│   %5  = Main.:(var"#closure1#76")::Core.Const(var"#closure1#76")
│   %6  = %new(%5)::Core.Const(var"#closure1#76"())
│   %7  = closure1@_3::CORE.BOX
│         Core.setfield!(%7, :contents, %6)
│   %9  = closure2::var"#closure2#75"
│   %10 = (%9)(x)::ANY
└──       return %10

