MethodInstance for foo(::Vector{Int64}, ::Val{3})
  from foo(x, ::Val{N}) where N @ Main ~/MEGA/WEBSITES/julia_book2/_assets/PAGES/08h_TS-gotchas/code/region5c.jl:3
Static Parameters
  N = 3
Arguments
  #self#::Core.Const(Main.foo)
  x::Vector{Int64}
  _::Core.Const(Val{3}())
Locals
  tuple_x::Tuple{Int64, Int64, Int64}
Body::Tuple{Int64, Int64, Int64}
1 ─ %1 = Main.NTuple::Core.Const(NTuple{N, T} where {N, T})
│   %2 = $(Expr(:static_parameter, 1))::Core.Const(3)
│   %3 = Main.eltype(x)::Core.Const(Int64)
│   %4 = Core.apply_type(%1, %2, %3)::Core.Const(Tuple{Int64, Int64, Int64})
│        (tuple_x = (%4)(x))
│   %6 = tuple_x::Tuple{Int64, Int64, Int64}
│   %7 = Base.broadcasted(Main.:+, 2, %6)::Core.PartialStruct(Base.Broadcast.Broadcasted{Base.Broadcast.Style{Tuple}, Nothing, typeof(+), Tuple{Int64, Tuple{Int64, Int64, Int64}}}, Any[Core.Const(Base.Broadcast.Style{Tuple}()), Core.Const(+), Core.PartialStruct(Tuple{Int64, Tuple{Int64, Int64, Int64}}, Any[Core.Const(2), Tuple{Int64, Int64, Int64}]), Nothing])
│   %8 = Base.materialize(%7)::Tuple{Int64, Int64, Int64}
└──      return %8

