MethodInstance for foo()
  from foo(; x) @ Main ~/MEGA/WEBSITES/julia_book2/_assets/PAGES/08h_TS-gotchas/code/region8i.jl:1
Arguments
  #self#::Core.Const(Main.foo)
Locals
  x::CORE.BOX
  bar::var"#bar#72"
  @_4::Int64
  @_5::Int64
Body::Int64
1 ─       (x = Core.Box())
│   %2  = Main.:(var"#bar#72")::Core.Const(var"#bar#72")
│   %3  = x::CORE.BOX
│         (bar = %new(%2, %3))
│   %5  = x::CORE.BOX
│         (@_4 = 1)
│   %7  = @_4::Core.Const(1)
│   %8  = (%7 isa Main.Int64)::Core.Const(true)
└──       goto #3 if not %8
2 ─       goto #4
3 ─       Core.Const(:(@_4))
│         Core.Const(:(Base.convert(Main.Int64, %11)))
│         Core.Const(:(Main.Int64))
└──       Core.Const(:(@_4 = Core.typeassert(%12, %13)))
4 ┄ %15 = @_4::Core.Const(1)
│         Core.setfield!(%5, :contents, %15)
│   %17 = x::CORE.BOX
│         (@_5 = 1)
│   %19 = @_5::Core.Const(1)
│   %20 = (%19 isa Main.Int64)::Core.Const(true)
└──       goto #6 if not %20
5 ─       goto #7
6 ─       Core.Const(:(@_5))
│         Core.Const(:(Base.convert(Main.Int64, %23)))
│         Core.Const(:(Main.Int64))
└──       Core.Const(:(@_5 = Core.typeassert(%24, %25)))
7 ┄ %27 = @_5::Core.Const(1)
│         Core.setfield!(%17, :contents, %27)
│   %29 = bar::var"#bar#72"
│   %30 = (%29)()::Int64
└──       return %30

