MethodInstance for foo(::Int64)
  from foo(β; x) @ Main ~/MEGA/WEBSITES/julia_book2/_assets/PAGES/08h_TS-gotchas/code/region11b.jl:1
Arguments
  #self#::Core.Const(Main.foo)
  β::Int64
Locals
  x::var"#x#97"{var"#rescale_parameter#96"}
  rescale_parameter::var"#rescale_parameter#96"
Body::Float64
1 ─ %1  = Main.:(var"#rescale_parameter#96")::Core.Const(var"#rescale_parameter#96")
│         (rescale_parameter = %new(%1))
│   %3  = Main.:(var"#x#97")::Core.Const(var"#x#97")
│   %4  = rescale_parameter::Core.Const(var"#rescale_parameter#96"())
│   %5  = Core.typeof(%4)::Core.Const(var"#rescale_parameter#96")
│   %6  = Core.apply_type(%3, %5)::Core.Const(var"#x#97"{var"#rescale_parameter#96"})
│   %7  = rescale_parameter::Core.Const(var"#rescale_parameter#96"())
│         (x = %new(%6, %7))
│   %9  = x::Core.Const(var"#x#97"{var"#rescale_parameter#96"}(var"#rescale_parameter#96"()))
│   %10 = (%9)(β)::Float64
└──       return %10

