MethodInstance for foo(::Int64)
  from foo(x) @ Main ~/MEGA/WEBSITES/julia_book2/_assets/PAGES/08h_TS-gotchas/code/region20c.jl:1
Arguments
  #self#::Core.Const(Main.foo)
  x::Int64
Locals
  #48::var"#48#49"{Int64}
  y::Int64
  @_5::Int64
Body::Vector{Int64}
1 ─       Core.NewvarNode(:(#48))
│         Core.NewvarNode(:(y))
│   %3  = (x < 0)::Bool
└──       goto #3 if not %3
2 ─ %5  = Main.oftype::Core.Const(oftype)
│         (@_5 = (%5)(x, 5))
└──       goto #4
3 ─ %8  = x::Int64
└──       (@_5 = %8)
4 ┄ %10 = @_5::Int64
│         (y = %10)
│   %12 = Main.:(var"#48#49")::Core.Const(var"#48#49")
│   %13 = y::Int64
│   %14 = Core.typeof(%13)::Core.Const(Int64)
│   %15 = Core.apply_type(%12, %14)::Core.Const(var"#48#49"{Int64})
│   %16 = y::Int64
│         (#48 = %new(%15, %16))
│   %18 = #48::var"#48#49"{Int64}
│   %19 = (1:100)::Core.Const(1:100)
│   %20 = Base.Generator(%18, %19)::Core.PartialStruct(Base.Generator{UnitRange{Int64}, var"#48#49"{Int64}}, Any[var"#48#49"{Int64}, Core.Const(1:100)])
│   %21 = Base.collect(%20)::Vector{Int64}
└──       return %21

MethodInstance for foo(::Float64)
  from foo(x) @ Main ~/MEGA/WEBSITES/julia_book2/_assets/PAGES/08h_TS-gotchas/code/region20c.jl:1
Arguments
  #self#::Core.Const(Main.foo)
  x::Float64
Locals
  #48::var"#48#49"{Float64}
  y::Float64
  @_5::Float64
Body::Vector{Float64}
1 ─       Core.NewvarNode(:(#48))
│         Core.NewvarNode(:(y))
│   %3  = (x < 0)::Bool
└──       goto #3 if not %3
2 ─ %5  = Main.oftype::Core.Const(oftype)
│         (@_5 = (%5)(x, 5))
└──       goto #4
3 ─ %8  = x::Float64
└──       (@_5 = %8)
4 ┄ %10 = @_5::Float64
│         (y = %10)
│   %12 = Main.:(var"#48#49")::Core.Const(var"#48#49")
│   %13 = y::Float64
│   %14 = Core.typeof(%13)::Core.Const(Float64)
│   %15 = Core.apply_type(%12, %14)::Core.Const(var"#48#49"{Float64})
│   %16 = y::Float64
│         (#48 = %new(%15, %16))
│   %18 = #48::var"#48#49"{Float64}
│   %19 = (1:100)::Core.Const(1:100)
│   %20 = Base.Generator(%18, %19)::Core.PartialStruct(Base.Generator{UnitRange{Int64}, var"#48#49"{Float64}}, Any[var"#48#49"{Float64}, Core.Const(1:100)])
│   %21 = Base.collect(%20)::Vector{Float64}
└──       return %21

