MethodInstance for foo(::Int64)
  from foo(x) @ Main ~/MEGA/WEBSITES/julia_book2/_assets/PAGES/08h_TS-gotchas/code/region20b.jl:1
Arguments
  #self#::Core.Const(Main.foo)
  x::Int64
Locals
  #46::var"#46#47"{Int64}
  y::Int64
  @_5::Int64
Body::Vector{Int64}
1 ─       Core.NewvarNode(:(#46))
│         Core.NewvarNode(:(y))
│   %3  = (x < 0)::Bool
└──       goto #3 if not %3
2 ─ %5  = Main.convert::Core.Const(convert)
│   %6  = Main.typeof::Core.Const(typeof)
│   %7  = (%6)(x)::Core.Const(Int64)
│         (@_5 = (%5)(%7, 5))
└──       goto #4
3 ─ %10 = x::Int64
└──       (@_5 = %10)
4 ┄ %12 = @_5::Int64
│         (y = %12)
│   %14 = Main.:(var"#46#47")::Core.Const(var"#46#47")
│   %15 = y::Int64
│   %16 = Core.typeof(%15)::Core.Const(Int64)
│   %17 = Core.apply_type(%14, %16)::Core.Const(var"#46#47"{Int64})
│   %18 = y::Int64
│         (#46 = %new(%17, %18))
│   %20 = #46::var"#46#47"{Int64}
│   %21 = (1:100)::Core.Const(1:100)
│   %22 = Base.Generator(%20, %21)::Core.PartialStruct(Base.Generator{UnitRange{Int64}, var"#46#47"{Int64}}, Any[var"#46#47"{Int64}, Core.Const(1:100)])
│   %23 = Base.collect(%22)::Vector{Int64}
└──       return %23

MethodInstance for foo(::Float64)
  from foo(x) @ Main ~/MEGA/WEBSITES/julia_book2/_assets/PAGES/08h_TS-gotchas/code/region20b.jl:1
Arguments
  #self#::Core.Const(Main.foo)
  x::Float64
Locals
  #46::var"#46#47"{Float64}
  y::Float64
  @_5::Float64
Body::Vector{Float64}
1 ─       Core.NewvarNode(:(#46))
│         Core.NewvarNode(:(y))
│   %3  = (x < 0)::Bool
└──       goto #3 if not %3
2 ─ %5  = Main.convert::Core.Const(convert)
│   %6  = Main.typeof::Core.Const(typeof)
│   %7  = (%6)(x)::Core.Const(Float64)
│         (@_5 = (%5)(%7, 5))
└──       goto #4
3 ─ %10 = x::Float64
└──       (@_5 = %10)
4 ┄ %12 = @_5::Float64
│         (y = %12)
│   %14 = Main.:(var"#46#47")::Core.Const(var"#46#47")
│   %15 = y::Float64
│   %16 = Core.typeof(%15)::Core.Const(Float64)
│   %17 = Core.apply_type(%14, %16)::Core.Const(var"#46#47"{Float64})
│   %18 = y::Float64
│         (#46 = %new(%17, %18))
│   %20 = #46::var"#46#47"{Float64}
│   %21 = (1:100)::Core.Const(1:100)
│   %22 = Base.Generator(%20, %21)::Core.PartialStruct(Base.Generator{UnitRange{Int64}, var"#46#47"{Float64}}, Any[var"#46#47"{Float64}, Core.Const(1:100)])
│   %23 = Base.collect(%22)::Vector{Float64}
└──       return %23

