MethodInstance for foo(::Vector{Int64}, ::Int64)
  from foo(x, β) @ Main ~/MEGA/WEBSITES/julia_book2/_assets/PAGES/08h_TS-gotchas/code/region10d.jl:3
Arguments
  #self#::Core.Const(Main.foo)
  x::Vector{Int64}
  β@_3::Int64
Locals
  #88::var"#88#89"{Int64}
  β@_5::Int64
Body::Vector{Int64}
1 ─       (β@_5 = β@_3)
│   %2  = β@_5::Int64
│         (β@_5 = Main.abs(%2))
│   %4  = Main.filter::Core.Const(filter)
│   %5  = Main.:(var"#88#89")::Core.Const(var"#88#89")
│   %6  = β@_5::Int64
│   %7  = Core.typeof(%6)::Core.Const(Int64)
│   %8  = Core.apply_type(%5, %7)::Core.Const(var"#88#89"{Int64})
│   %9  = β@_5::Int64
│         (#88 = %new(%8, %9))
│   %11 = #88::var"#88#89"{Int64}
│   %12 = (%4)(%11, x)::Vector{Int64}
└──       return %12

