MethodInstance for foo(::Vector{Vector})
  from foo(data) @ Main ~/MEGA/WEBSITES/julia_book2/_assets/PAGES/08h_TS-gotchas/code/region4e.jl:6
Arguments
  #self#::Core.Const(Main.foo)
  data::Vector{Vector}
Locals
  @_3::UNION{NOTHING, TUPLE{INT64, INT64}}
  i::Int64
Body::Nothing
1 ─ %1  = Main.eachindex::Core.Const(eachindex)
│   %2  = Base.getindex(data, 2)::VECTOR
│   %3  = (%1)(%2)::Base.OneTo{Int64}
│         (@_3 = Base.iterate(%3))
│   %5  = @_3::UNION{NOTHING, TUPLE{INT64, INT64}}
│   %6  = (%5 === nothing)::Bool
│   %7  = Base.not_int(%6)::Bool
└──       goto #4 if not %7
2 ┄ %9  = @_3::Tuple{Int64, Int64}
│         (i = Core.getfield(%9, 1))
│   %11 = Core.getfield(%9, 2)::Int64
│   %12 = Main.operation!::Core.Const(Main.operation!)
│   %13 = Base.getindex(data, 2)::VECTOR
│   %14 = i::Int64
│         (%12)(%13, %14)
│         (@_3 = Base.iterate(%3, %11))
│   %17 = @_3::UNION{NOTHING, TUPLE{INT64, INT64}}
│   %18 = (%17 === nothing)::Bool
│   %19 = Base.not_int(%18)::Bool
└──       goto #4 if not %19
3 ─       goto #2
4 ┄       return nothing

