MethodInstance for foo(::Val{true})
  from foo(::Val{condition}) where condition @ Main ~/MEGA/WEBSITES/julia_book2/_assets/PAGES/08h_TS-gotchas/code/region6b.jl:1
Static Parameters
  condition = true
Arguments
  #self#::Core.Const(Main.foo)
  _::Core.Const(Val{true}())
Locals
  #52::var"#52#53"{Float64}
  y::Float64
  @_5::Float64
Body::Vector{Float64}
1 ─       Core.NewvarNode(:(#52))
│         Core.NewvarNode(:(y))
│   %3  = $(Expr(:static_parameter, 1))::Core.Const(true)
└──       goto #3 if not %3
2 ─       (@_5 = 2.5)
└──       goto #4
3 ─       Core.Const(:(@_5 = 1))
4 ┄ %8  = @_5::Core.Const(2.5)
│         (y = %8)
│   %10 = Main.:(var"#52#53")::Core.Const(var"#52#53")
│   %11 = y::Core.Const(2.5)
│   %12 = Core.typeof(%11)::Core.Const(Float64)
│   %13 = Core.apply_type(%10, %12)::Core.Const(var"#52#53"{Float64})
│   %14 = y::Core.Const(2.5)
│         (#52 = %new(%13, %14))
│   %16 = #52::Core.Const(var"#52#53"{Float64}(2.5))
│   %17 = (1:100)::Core.Const(1:100)
│   %18 = Base.Generator(%16, %17)::Core.Const(Base.Generator{UnitRange{Int64}, var"#52#53"{Float64}}(var"#52#53"{Float64}(2.5), 1:100))
│   %19 = Base.collect(%18)::Vector{Float64}
└──       return %19

MethodInstance for foo(::Val{false})
  from foo(::Val{condition}) where condition @ Main ~/MEGA/WEBSITES/julia_book2/_assets/PAGES/08h_TS-gotchas/code/region6b.jl:1
Static Parameters
  condition = false
Arguments
  #self#::Core.Const(Main.foo)
  _::Core.Const(Val{false}())
Locals
  #52::var"#52#53"{Int64}
  y::Int64
  @_5::Int64
Body::Vector{Int64}
1 ─       Core.NewvarNode(:(#52))
│         Core.NewvarNode(:(y))
│   %3  = $(Expr(:static_parameter, 1))::Core.Const(false)
└──       goto #3 if not %3
2 ─       Core.Const(:(@_5 = 2.5))
└──       Core.Const(:(goto %8))
3 ┄       (@_5 = 1)
│   %8  = @_5::Core.Const(1)
│         (y = %8)
│   %10 = Main.:(var"#52#53")::Core.Const(var"#52#53")
│   %11 = y::Core.Const(1)
│   %12 = Core.typeof(%11)::Core.Const(Int64)
│   %13 = Core.apply_type(%10, %12)::Core.Const(var"#52#53"{Int64})
│   %14 = y::Core.Const(1)
│         (#52 = %new(%13, %14))
│   %16 = #52::Core.Const(var"#52#53"{Int64}(1))
│   %17 = (1:100)::Core.Const(1:100)
│   %18 = Base.Generator(%16, %17)::Core.Const(Base.Generator{UnitRange{Int64}, var"#52#53"{Int64}}(var"#52#53"{Int64}(1), 1:100))
│   %19 = Base.collect(%18)::Vector{Int64}
└──       return %19

