MethodInstance for foo(::Int64)
  from foo(x; x) @ Main ~/MEGA/WEBSITES/julia_book2/_assets/PAGES/08h_TS-gotchas/code/region2a.jl:1
Arguments
  #self#::Core.Const(Main.foo)
  x::Int64
Locals
  @_3::UNION{NOTHING, TUPLE{INT64, INT64}}
  bar::var"#bar#90"{Int64}
  β@_5::CORE.BOX
  i::Int64
  β@_7::Union{}
Body::ANY
1 ─       Core.NewvarNode(:(bar))
│         (β@_5 = Core.Box())
│   %3  = β@_5::CORE.BOX
│         Core.setfield!(%3, :contents, 0)
│   %5  = (1:10)::Core.Const(1:10)
│         (@_3 = Base.iterate(%5))
│   %7  = @_3::Core.Const((1, 1))
│   %8  = (%7 === nothing)::Core.Const(false)
│   %9  = Base.not_int(%8)::Core.Const(true)
└──       goto #7 if not %9
2 ┄ %11 = @_3::Tuple{Int64, Int64}
│         (i = Core.getfield(%11, 1))
│   %13 = Core.getfield(%11, 2)::Int64
│   %14 = Main.:+::Core.Const(+)
│   %15 = β@_5::CORE.BOX
│   %16 = Core.isdefined(%15, :contents)::Bool
└──       goto #4 if not %16
3 ─       goto #5
4 ─       Core.NewvarNode(:(β@_7))
└──       β@_7
5 ┄ %21 = β@_5::CORE.BOX
│   %22 = Core.getfield(%21, :contents)::ANY
│   %23 = i::Int64
│   %24 = (%14)(%22, %23)::ANY
│   %25 = β@_5::CORE.BOX
│         Core.setfield!(%25, :contents, %24)
│         (@_3 = Base.iterate(%5, %13))
│   %28 = @_3::UNION{NOTHING, TUPLE{INT64, INT64}}
│   %29 = (%28 === nothing)::Bool
│   %30 = Base.not_int(%29)::Bool
└──       goto #7 if not %30
6 ─       goto #2
7 ┄ %33 = Main.:(var"#bar#90")::Core.Const(var"#bar#90")
│   %34 = Core.typeof(x)::Core.Const(Int64)
│   %35 = Core.apply_type(%33, %34)::Core.Const(var"#bar#90"{Int64})
│   %36 = β@_5::CORE.BOX
│         (bar = %new(%35, x, %36))
│   %38 = bar::var"#bar#90"{Int64}
│   %39 = (%38)()::ANY
└──       return %39

