MethodInstance for foo(::Bool)
  from foo(condition) @ Main ~/MEGA/WEBSITES/julia_book2/_assets/PAGES/08h_TS-gotchas/code/region6a.jl:1
Arguments
  #self#::Core.Const(Main.foo)
  condition::Bool
Locals
  #50::VAR"#50#51"
  y::UNION{FLOAT64, INT64}
  @_5::UNION{FLOAT64, INT64}
Body::VECTOR
1 ─       Core.NewvarNode(:(#50))
│         Core.NewvarNode(:(y))
└──       goto #3 if not condition
2 ─       (@_5 = 2.5)
└──       goto #4
3 ─       (@_5 = 1)
4 ┄ %7  = @_5::UNION{FLOAT64, INT64}
│         (y = %7)
│   %9  = Main.:(var"#50#51")::Core.Const(var"#50#51")
│   %10 = y::UNION{FLOAT64, INT64}
│   %11 = Core.typeof(%10)::UNION{TYPE{FLOAT64}, TYPE{INT64}}
│   %12 = Core.apply_type(%9, %11)::TYPE{VAR"#50#51"{_A}} WHERE _A
│   %13 = y::UNION{FLOAT64, INT64}
│         (#50 = %new(%12, %13))
│   %15 = #50::VAR"#50#51"
│   %16 = (1:100)::Core.Const(1:100)
│   %17 = Base.Generator(%15, %16)::BASE.GENERATOR{UNITRANGE{INT64}, F} WHERE F<:VAR"#50#51"
│   %18 = Base.collect(%17)::VECTOR
└──       return %18

MethodInstance for foo(::Bool)
  from foo(condition) @ Main ~/MEGA/WEBSITES/julia_book2/_assets/PAGES/08h_TS-gotchas/code/region6a.jl:1
Arguments
  #self#::Core.Const(Main.foo)
  condition::Bool
Locals
  #50::VAR"#50#51"
  y::UNION{FLOAT64, INT64}
  @_5::UNION{FLOAT64, INT64}
Body::VECTOR
1 ─       Core.NewvarNode(:(#50))
│         Core.NewvarNode(:(y))
└──       goto #3 if not condition
2 ─       (@_5 = 2.5)
└──       goto #4
3 ─       (@_5 = 1)
4 ┄ %7  = @_5::UNION{FLOAT64, INT64}
│         (y = %7)
│   %9  = Main.:(var"#50#51")::Core.Const(var"#50#51")
│   %10 = y::UNION{FLOAT64, INT64}
│   %11 = Core.typeof(%10)::UNION{TYPE{FLOAT64}, TYPE{INT64}}
│   %12 = Core.apply_type(%9, %11)::TYPE{VAR"#50#51"{_A}} WHERE _A
│   %13 = y::UNION{FLOAT64, INT64}
│         (#50 = %new(%12, %13))
│   %15 = #50::VAR"#50#51"
│   %16 = (1:100)::Core.Const(1:100)
│   %17 = Base.Generator(%15, %16)::BASE.GENERATOR{UNITRANGE{INT64}, F} WHERE F<:VAR"#50#51"
│   %18 = Base.collect(%17)::VECTOR
└──       return %18

