Summary Stats:
Length:         30
Missing Count:  0
Mean:           114.902671
Std. Deviation: 273.117868
Minimum:        28.295386
1st Quartile:   36.946260
Median:         64.876525
3rd Quartile:   84.475960
Maximum:        1551.562121
Type:           Float64
Summary Stats:
Length:         30
Missing Count:  0
Mean:           114.902671
Std. Deviation: 273.117868
Minimum:        28.295386
1st Quartile:   36.946260
Median:         64.876525
3rd Quartile:   84.475960
Maximum:        1551.562121
Type:           Float64
nothing