MethodInstance for example1(::Int64)
  from example1(x) @ Main C:\Users\marti\Google Drive\WEBSITES\julia_book2\_assets\PAGES\7b1_performanceBasics\code\region1.jl:8
Arguments
  #self#::Core.Const(example1)
  x::Int64
Locals
  #202::var"#202#203"{Int64}
  y::Int64
  @_5::Int64
Body::Vector{Float64}
1 ─       Core.NewvarNode(:(#202))
│         Core.NewvarNode(:(y))
│   %3  = (x < 0)::Bool
└──       goto #3 if not %3
2 ─       (@_5 = 0)
└──       goto #4
3 ─       (@_5 = x)
4 ┄       (y = @_5)
│   %9  = Main.:(var"#202#203")::Core.Const(var"#202#203")
│   %10 = Core.typeof(y)::Core.Const(Int64)
│   %11 = Core.apply_type(%9, %10)::Core.Const(var"#202#203"{Int64})
│         (#202 = %new(%11, y))
│   %13 = #202::var"#202#203"{Int64}
│   %14 = (1:100)::Core.Const(1:100)
│   %15 = Base.Generator(%13, %14)::Core.PartialStruct(Base.Generator{UnitRange{Int64}, var"#202#203"{Int64}}, Any[var"#202#203"{Int64}, Core.Const(1:100)])
│   %16 = Base.collect(%15)::Vector{Float64}
└──       return %16

MethodInstance for example1(::Float64)
  from example1(x) @ Main C:\Users\marti\Google Drive\WEBSITES\julia_book2\_assets\PAGES\7b1_performanceBasics\code\region1.jl:8
Arguments
  #self#::Core.Const(example1)
  x::Float64
Locals
  #202::VAR"#202#203"
  y::UNION{FLOAT64, INT64}
  @_5::UNION{FLOAT64, INT64}
Body::VECTOR
1 ─       Core.NewvarNode(:(#202))
│         Core.NewvarNode(:(y))
│   %3  = (x < 0)::Bool
└──       goto #3 if not %3
2 ─       (@_5 = 0)
└──       goto #4
3 ─       (@_5 = x)
4 ┄       (y = @_5)
│   %9  = Main.:(var"#202#203")::Core.Const(var"#202#203")
│   %10 = Core.typeof(y)::UNION{TYPE{FLOAT64}, TYPE{INT64}}
│   %11 = Core.apply_type(%9, %10)::TYPE{VAR"#202#203"{_A}} WHERE _A
│         (#202 = %new(%11, y))
│   %13 = #202::VAR"#202#203"
│   %14 = (1:100)::Core.Const(1:100)
│   %15 = Base.Generator(%13, %14)::BASE.GENERATOR{UNITRANGE{INT64}}
│   %16 = Base.collect(%15)::VECTOR
└──       return %16

