MethodInstance for foo()
  from foo(; x) @ Main C:\Users\marti\Google Drive\WEBSITES\julia_book2\_assets\PAGES\7c_gotchas\code\region8g.jl:1
Arguments
  #self#::Core.Const(foo)
Locals
  bar::var"#bar#120"
  x::CORE.BOX
Body::Int64
1 ─       (x = Core.Box())
│   %2  = x::CORE.BOX
│   %3  = Base.convert(Main.Int64, 1)::Core.Const(1)
│   %4  = Core.typeassert(%3, Main.Int64)::Core.Const(1)
│         Core.setfield!(%2, :contents, %4)
│   %6  = x::CORE.BOX
│   %7  = Base.convert(Main.Int64, 1)::Core.Const(1)
│   %8  = Core.typeassert(%7, Main.Int64)::Core.Const(1)
│         Core.setfield!(%6, :contents, %8)
│         (bar = %new(Main.:(var"#bar#120"), x))
│   %11 = (bar)()::Int64
└──       return %11

