MethodInstance for foo(::Int64)
  from foo(x; y) @ Main C:\Users\marti\MEGA\WEBSITES\julia_book2\_assets\PAGES\7c_gotchas\code\region2c.jl:1
Arguments
  #self#::Core.Const(foo)
  x::Int64
Locals
  @_3::UNION{NOTHING, TUPLE{INT64, INT64}}
  bar::var"#bar#79"
  β::Int64
  i::Int64
Body::Int64
1 ─       Core.NewvarNode(:(bar))
│         (β = 0)
│   %3  = (1:10)::Core.Const(1:10)
│         (@_3 = Base.iterate(%3))
│   %5  = (@_3::Core.Const((1, 1)) === nothing)::Core.Const(false)
│   %6  = Base.not_int(%5)::Core.Const(true)
└──       goto #4 if not %6
2 ┄ %8  = @_3::Tuple{Int64, Int64}
│         (i = Core.getfield(%8, 1))
│   %10 = Core.getfield(%8, 2)::Int64
│         (β = β + i)
│         (@_3 = Base.iterate(%3, %10))
│   %13 = (@_3 === nothing)::Bool
│   %14 = Base.not_int(%13)::Bool
└──       goto #4 if not %14
3 ─       goto #2
4 ┄       (bar = %new(Main.:(var"#bar#79")))
│   %18 = (bar)(x, β)::Int64
└──       return %18

