MethodInstance for foo(::Float64)
  from foo(x; y) @ Main C:\Users\marti\Google Drive\WEBSITES\julia_book2\_assets\PAGES\7c_gotchas\code\region3a.jl:1
Arguments
  #self#::Core.Const(foo)
  x::Float64
Locals
  #99::VAR"#99#100"
  y::UNION{FLOAT64, INT64}
  @_5::UNION{FLOAT64, INT64}
Body::VECTOR
1 ─       Core.NewvarNode(:(#99))
│         Core.NewvarNode(:(y))
│   %3  = (x < 0)::Bool
└──       goto #3 if not %3
2 ─       (@_5 = 0)
└──       goto #4
3 ─       (@_5 = x)
4 ┄       (y = @_5)
│   %9  = Main.:(var"#99#100")::Core.Const(var"#99#100")
│   %10 = Core.typeof(y)::UNION{TYPE{FLOAT64}, TYPE{INT64}}
│   %11 = Core.apply_type(%9, %10)::TYPE{VAR"#99#100"{_A}} WHERE _A
│         (#99 = %new(%11, y))
│   %13 = #99::VAR"#99#100"
│   %14 = (1:100)::Core.Const(1:100)
│   %15 = Base.Generator(%13, %14)::BASE.GENERATOR{UNITRANGE{INT64}}
│   %16 = Base.collect(%15)::VECTOR
└──       return %16

