MethodInstance for foo(::Int64)
  from foo(x) @ Main ~/MEGA/WEBSITES/julia_book2/_assets/PAGES/08e_TS-barrierFunctions/code/region01a.jl:1
Arguments
  #self#::Core.Const(Main.foo)
  x::Int64
Locals
  #40::var"#40#41"{Int64}
  y::Int64
  @_5::Int64
Body::Vector{Int64}
1 ─       Core.NewvarNode(:(#40))
│         Core.NewvarNode(:(y))
│   %3  = (x < 0)::Bool
└──       goto #3 if not %3
2 ─       (@_5 = 0)
└──       goto #4
3 ─ %7  = x::Int64
└──       (@_5 = %7)
4 ┄ %9  = @_5::Int64
│         (y = %9)
│   %11 = Main.:(var"#40#41")::Core.Const(var"#40#41")
│   %12 = y::Int64
│   %13 = Core.typeof(%12)::Core.Const(Int64)
│   %14 = Core.apply_type(%11, %13)::Core.Const(var"#40#41"{Int64})
│   %15 = y::Int64
│         (#40 = %new(%14, %15))
│   %17 = #40::var"#40#41"{Int64}
│   %18 = (1:100)::Core.Const(1:100)
│   %19 = Base.Generator(%17, %18)::Core.PartialStruct(Base.Generator{UnitRange{Int64}, var"#40#41"{Int64}}, Any[var"#40#41"{Int64}, Core.Const(1:100)])
│   %20 = Base.collect(%19)::Vector{Int64}
└──       return %20

MethodInstance for foo(::Float64)
  from foo(x) @ Main ~/MEGA/WEBSITES/julia_book2/_assets/PAGES/08e_TS-barrierFunctions/code/region01a.jl:1
Arguments
  #self#::Core.Const(Main.foo)
  x::Float64
Locals
  #40::VAR"#40#41"
  y::UNION{FLOAT64, INT64}
  @_5::UNION{FLOAT64, INT64}
Body::VECTOR
1 ─       Core.NewvarNode(:(#40))
│         Core.NewvarNode(:(y))
│   %3  = (x < 0)::Bool
└──       goto #3 if not %3
2 ─       (@_5 = 0)
└──       goto #4
3 ─ %7  = x::Float64
└──       (@_5 = %7)
4 ┄ %9  = @_5::UNION{FLOAT64, INT64}
│         (y = %9)
│   %11 = Main.:(var"#40#41")::Core.Const(var"#40#41")
│   %12 = y::UNION{FLOAT64, INT64}
│   %13 = Core.typeof(%12)::UNION{TYPE{FLOAT64}, TYPE{INT64}}
│   %14 = Core.apply_type(%11, %13)::TYPE{VAR"#40#41"{_A}} WHERE _A
│   %15 = y::UNION{FLOAT64, INT64}
│         (#40 = %new(%14, %15))
│   %17 = #40::VAR"#40#41"
│   %18 = (1:100)::Core.Const(1:100)
│   %19 = Base.Generator(%17, %18)::BASE.GENERATOR{UNITRANGE{INT64}, F} WHERE F<:VAR"#40#41"
│   %20 = Base.collect(%19)::VECTOR
└──       return %20

