MethodInstance for foo(::Vector{Any})
  from foo(x) @ Main ~/MEGA/WEBSITES/julia_book2/_assets/PAGES/08e_TS-barrierFunctions/code/region02c.jl:5
Arguments
  #self#::Core.Const(Main.foo)
  x::Vector{Any}
Locals
  #50::VAR"#50#51"
  y::ANY
Body::VECTOR
1 ─ %1  = Main.:*::Core.Const(*)
│   %2  = Base.getindex(x, 2)::ANY
│         (y = (%1)(2, %2))
│   %4  = Main.:(var"#50#51")::Core.Const(var"#50#51")
│   %5  = y::ANY
│   %6  = Core.typeof(%5)::DATATYPE
│   %7  = Core.apply_type(%4, %6)::TYPE{VAR"#50#51"{_A}} WHERE _A
│   %8  = y::ANY
│         (#50 = %new(%7, %8))
│   %10 = #50::VAR"#50#51"
│   %11 = (1:100)::Core.Const(1:100)
│   %12 = Base.Generator(%10, %11)::BASE.GENERATOR{UNITRANGE{INT64}, F} WHERE F<:VAR"#50#51"
│   %13 = Base.collect(%12)::VECTOR
└──       return %13

