Summary Stats:
Length:         30
Missing Count:  0
Mean:           88.716043
Std. Deviation: 103.456049
Minimum:        27.720462
1st Quartile:   37.115256
Median:         52.788391
3rd Quartile:   79.177869
Maximum:        541.713816
Type:           Float64
Summary Stats:
Length:         30
Missing Count:  0
Mean:           88.716043
Std. Deviation: 103.456049
Minimum:        27.720462
1st Quartile:   37.115256
Median:         52.788391
3rd Quartile:   79.177869
Maximum:        541.713816
Type:           Float64
nothing