MethodInstance for foo(::Bool)
  from foo(condition; output) @ Main C:\Users\GAMER\MEGA\WEBSITES\julia_book2\_assets\PAGES\7c_gotchas\code\region6a.jl:1
Arguments
  #self#::Core.Const(foo)
  condition::Bool
Locals
  #154::VAR"#154#155"
  y::UNION{FLOAT64, INT64}
  @_5::UNION{FLOAT64, INT64}
Body::VECTOR
1 ─       Core.NewvarNode(:(#154))
│         Core.NewvarNode(:(y))
└──       goto #3 if not condition
2 ─       (@_5 = 2.5)
└──       goto #4
3 ─       (@_5 = 1)
4 ┄       (y = @_5)
│   %8  = Main.:(var"#154#155")::Core.Const(var"#154#155")
│   %9  = Core.typeof(y)::UNION{TYPE{FLOAT64}, TYPE{INT64}}
│   %10 = Core.apply_type(%8, %9)::TYPE{VAR"#154#155"{_A}} WHERE _A
│         (#154 = %new(%10, y))
│   %12 = #154::VAR"#154#155"
│   %13 = (1:100)::Core.Const(1:100)
│   %14 = Base.Generator(%12, %13)::BASE.GENERATOR{UNITRANGE{INT64}, F} WHERE F<:VAR"#154#155"
│   %15 = Base.collect(%14)::VECTOR
└──       return %15

MethodInstance for foo(::Bool)
  from foo(condition; output) @ Main C:\Users\GAMER\MEGA\WEBSITES\julia_book2\_assets\PAGES\7c_gotchas\code\region6a.jl:1
Arguments
  #self#::Core.Const(foo)
  condition::Bool
Locals
  #154::VAR"#154#155"
  y::UNION{FLOAT64, INT64}
  @_5::UNION{FLOAT64, INT64}
Body::VECTOR
1 ─       Core.NewvarNode(:(#154))
│         Core.NewvarNode(:(y))
└──       goto #3 if not condition
2 ─       (@_5 = 2.5)
└──       goto #4
3 ─       (@_5 = 1)
4 ┄       (y = @_5)
│   %8  = Main.:(var"#154#155")::Core.Const(var"#154#155")
│   %9  = Core.typeof(y)::UNION{TYPE{FLOAT64}, TYPE{INT64}}
│   %10 = Core.apply_type(%8, %9)::TYPE{VAR"#154#155"{_A}} WHERE _A
│         (#154 = %new(%10, y))
│   %12 = #154::VAR"#154#155"
│   %13 = (1:100)::Core.Const(1:100)
│   %14 = Base.Generator(%12, %13)::BASE.GENERATOR{UNITRANGE{INT64}, F} WHERE F<:VAR"#154#155"
│   %15 = Base.collect(%14)::VECTOR
└──       return %15

