MethodInstance for foo(::Vector{Float64}, ::Val{50})
  from foo(x, ::Val{N}) where N @ Main C:\Users\marti\Google Drive\WEBSITES\julia_book2\_assets\PAGES\8c_staticVectors\code\region6c.jl:4
Static Parameters
  N = 50
Arguments
  #self#::Core.Const(foo)
  x::Vector{Float64}
  _::Core.Const(Val{50}())
Locals
  @_4::UNION{NOTHING, TUPLE{INT64, INT64}}
  output::MVector{50, Float64}
  sx::SVector{50, Float64}
  i::Int64
  temp::BitVector
Body::MVector{50, Float64}
1 ─ %1  = Main.SVector::Core.Const(SVector)
│   %2  = $(Expr(:static_parameter, 1))::Core.Const(50)
│   %3  = Main.eltype(x)::Core.Const(Float64)
│   %4  = Core.apply_type(%1, %2, %3)::Core.Const(SVector{50, Float64})
│         (sx = (%4)(x))
│   %6  = Main.MVector::Core.Const(MVector)
│   %7  = $(Expr(:static_parameter, 1))::Core.Const(50)
│   %8  = Main.eltype(x)::Core.Const(Float64)
│   %9  = Core.apply_type(%6, %7, %8)::Core.Const(MVector{50, Float64})
│         (output = (%9)(Main.undef))
│   %11 = Main.eachindex(x)::Base.OneTo{Int64}
│         (@_4 = Base.iterate(%11))
│   %13 = (@_4 === nothing)::Bool
│   %14 = Base.not_int(%13)::Bool
└──       goto #4 if not %14
2 ┄ %16 = @_4::Tuple{Int64, Int64}
│         (i = Core.getfield(%16, 1))
│   %18 = Core.getfield(%16, 2)::Int64
│   %19 = Main.:>::Core.Const(>)
│   %20 = Base.getindex(x, i)::Float64
│   %21 = Base.broadcasted(%19, x, %20)::Base.Broadcast.Broadcasted{Base.Broadcast.DefaultArrayStyle{1}, Nothing, typeof(>), Tuple{Vector{Float64}, Float64}}
│         (temp = Base.materialize(%21))
│   %23 = Main.sum(temp)::Int64
│         Base.setindex!(output, %23, i)
│         (@_4 = Base.iterate(%11, %18))
│   %26 = (@_4 === nothing)::Bool
│   %27 = Base.not_int(%26)::Bool
└──       goto #4 if not %27
3 ─       goto #2
4 ┄       return output

